<?xml version="1.0" encoding="UTF-8"?>
<testsuite xmlns:xsi="http://www.w3.org/2001/XMLSchema-instance" xsi:noNamespaceSchemaLocation="https://maven.apache.org/surefire/maven-surefire-plugin/xsd/surefire-test-report.xsd" version="3.0.2" name="dsd.api.cdmsa.unit.OrgServiceTest" time="0.822" tests="14" errors="0" skipped="0" failures="0">
  <properties>
[...]
</properties>
  <testcase name="createOrg_shouldCreateOrgAndAdmin_whenOrgDoesNotExist" classname="dsd.api.cdmsa.unit.OrgServiceTest" time="0.75"/>
  <testcase name="findAllOrgs_shouldReturnPageOfOrganizations" classname="dsd.api.cdmsa.unit.OrgServiceTest" time="0.006"/>
  <testcase name="createOrg_shouldThrowOrgExistsException_whenOrgAlreadyExists" classname="dsd.api.cdmsa.unit.OrgServiceTest" time="0.008"/>
  <testcase name="getOrgDetailsAlt_shouldReturnOrg_whenOrgExists" classname="dsd.api.cdmsa.unit.OrgServiceTest" time="0.005"/>
  <testcase name="existOrg_shouldReturnFalse_whenOrgDoesNotExist" classname="dsd.api.cdmsa.unit.OrgServiceTest" time="0.002"/>
  <testcase name="existOrg_shouldReturnTrue_whenOrgExists" classname="dsd.api.cdmsa.unit.OrgServiceTest" time="0.001"/>
  <testcase name="getOrgDetailsAlt_shouldThrowOrgNotFoundException_whenOrgDoesNotExist" classname="dsd.api.cdmsa.unit.OrgServiceTest" time="0.005"/>
  <testcase name="existOrgById_shouldReturnFalse_whenOrgDoesNotExist" classname="dsd.api.cdmsa.unit.OrgServiceTest" time="0.002"/>
  <testcase name="getOrgDetails_shouldThrowRuntimeException_whenUserNotFound" classname="dsd.api.cdmsa.unit.OrgServiceTest" time="0.005"/>
  <testcase name="deleteOrg_shouldCallRepositoryDeleteById" classname="dsd.api.cdmsa.unit.OrgServiceTest" time="0.002"/>
  <testcase name="getOrgDetails_shouldReturnOrganizationResponse_whenUserExists" classname="dsd.api.cdmsa.unit.OrgServiceTest" time="0.002"/>
  <testcase name="existOrgById_shouldReturnTrue_whenOrgExists" classname="dsd.api.cdmsa.unit.OrgServiceTest" time="0.002"/>
  <testcase name="updateOrgDetails_shouldUpdateAndReturnOrgResponse" classname="dsd.api.cdmsa.unit.OrgServiceTest" time="0.011"/>
  <testcase name="saveRepoBranchSelection_shouldUpdateSelectedRepoAndBranch" classname="dsd.api.cdmsa.unit.OrgServiceTest" time="0.009"/>
</testsuite>